CRITICAL - 2020-07-21 03:10:00 --> syntax error, unexpected '}', expecting ',' or ';'
#0 C:\xampp\htdocs\project\login\vendor\codeigniter4\framework\system\Autoloader\Autoloader.php(296): CodeIgniter\Autoloader\Autoloader->requireFile('C:\\xampp\\htdocs...')
#1 C:\xampp\htdocs\project\login\vendor\codeigniter4\framework\system\Autoloader\Autoloader.php(258): CodeIgniter\Autoloader\Autoloader->loadInNamespace('App\\Controllers...')
#2 [internal function]: CodeIgniter\Autoloader\Autoloader->loadClass('App\\Controllers...')
#3 [internal function]: spl_autoload_call('App\\Controllers...')
#4 C:\xampp\htdocs\project\login\vendor\codeigniter4\framework\system\CodeIgniter.php(869): class_exists('\\App\\Controller...', true)
#5 C:\xampp\htdocs\project\login\vendor\codeigniter4\framework\system\CodeIgniter.php(394): CodeIgniter\CodeIgniter->startController()
#6 C:\xampp\htdocs\project\login\vendor\codeigniter4\framework\system\CodeIgniter.php(312): CodeIgniter\CodeIgniter->handleRequest(NULL, Object(Config\Cache), false)
#7 C:\xampp\htdocs\project\login\public\index.php(45): CodeIgniter\CodeIgniter->run()
#8 {main}
CRITICAL - 2020-07-21 03:10:40 --> syntax error, unexpected end of file, expecting function (T_FUNCTION) or const (T_CONST)
#0 C:\xampp\htdocs\project\login\vendor\codeigniter4\framework\system\Autoloader\Autoloader.php(296): CodeIgniter\Autoloader\Autoloader->requireFile('C:\\xampp\\htdocs...')
#1 C:\xampp\htdocs\project\login\vendor\codeigniter4\framework\system\Autoloader\Autoloader.php(258): CodeIgniter\Autoloader\Autoloader->loadInNamespace('App\\Controllers...')
#2 [internal function]: CodeIgniter\Autoloader\Autoloader->loadClass('App\\Controllers...')
#3 [internal function]: spl_autoload_call('App\\Controllers...')
#4 C:\xampp\htdocs\project\login\vendor\codeigniter4\framework\system\CodeIgniter.php(869): class_exists('\\App\\Controller...', true)
#5 C:\xampp\htdocs\project\login\vendor\codeigniter4\framework\system\CodeIgniter.php(394): CodeIgniter\CodeIgniter->startController()
#6 C:\xampp\htdocs\project\login\vendor\codeigniter4\framework\system\CodeIgniter.php(312): CodeIgniter\CodeIgniter->handleRequest(NULL, Object(Config\Cache), false)
#7 C:\xampp\htdocs\project\login\public\index.php(45): CodeIgniter\CodeIgniter->run()
#8 {main}
CRITICAL - 2020-07-21 05:56:58 --> syntax error, unexpected '}', expecting end of file
#0 C:\xampp\htdocs\project\login\vendor\codeigniter4\framework\system\Autoloader\Autoloader.php(296): CodeIgniter\Autoloader\Autoloader->requireFile('C:\\xampp\\htdocs...')
#1 C:\xampp\htdocs\project\login\vendor\codeigniter4\framework\system\Autoloader\Autoloader.php(258): CodeIgniter\Autoloader\Autoloader->loadInNamespace('App\\Controllers...')
#2 [internal function]: CodeIgniter\Autoloader\Autoloader->loadClass('App\\Controllers...')
#3 [internal function]: spl_autoload_call('App\\Controllers...')
#4 C:\xampp\htdocs\project\login\vendor\codeigniter4\framework\system\CodeIgniter.php(869): class_exists('\\App\\Controller...', true)
#5 C:\xampp\htdocs\project\login\vendor\codeigniter4\framework\system\CodeIgniter.php(394): CodeIgniter\CodeIgniter->startController()
#6 C:\xampp\htdocs\project\login\vendor\codeigniter4\framework\system\CodeIgniter.php(312): CodeIgniter\CodeIgniter->handleRequest(NULL, Object(Config\Cache), false)
#7 C:\xampp\htdocs\project\login\public\index.php(45): CodeIgniter\CodeIgniter->run()
#8 {main}
CRITICAL - 2020-07-21 06:00:49 --> syntax error, unexpected '}', expecting end of file
#0 C:\xampp\htdocs\project\login\vendor\codeigniter4\framework\system\Autoloader\Autoloader.php(296): CodeIgniter\Autoloader\Autoloader->requireFile('C:\\xampp\\htdocs...')
#1 C:\xampp\htdocs\project\login\vendor\codeigniter4\framework\system\Autoloader\Autoloader.php(258): CodeIgniter\Autoloader\Autoloader->loadInNamespace('App\\Controllers...')
#2 [internal function]: CodeIgniter\Autoloader\Autoloader->loadClass('App\\Controllers...')
#3 [internal function]: spl_autoload_call('App\\Controllers...')
#4 C:\xampp\htdocs\project\login\vendor\codeigniter4\framework\system\CodeIgniter.php(869): class_exists('\\App\\Controller...', true)
#5 C:\xampp\htdocs\project\login\vendor\codeigniter4\framework\system\CodeIgniter.php(394): CodeIgniter\CodeIgniter->startController()
#6 C:\xampp\htdocs\project\login\vendor\codeigniter4\framework\system\CodeIgniter.php(312): CodeIgniter\CodeIgniter->handleRequest(NULL, Object(Config\Cache), false)
#7 C:\xampp\htdocs\project\login\public\index.php(45): CodeIgniter\CodeIgniter->run()
#8 {main}
CRITICAL - 2020-07-21 06:01:14 --> syntax error, unexpected '}', expecting end of file
#0 C:\xampp\htdocs\project\login\vendor\codeigniter4\framework\system\Autoloader\Autoloader.php(296): CodeIgniter\Autoloader\Autoloader->requireFile('C:\\xampp\\htdocs...')
#1 C:\xampp\htdocs\project\login\vendor\codeigniter4\framework\system\Autoloader\Autoloader.php(258): CodeIgniter\Autoloader\Autoloader->loadInNamespace('App\\Controllers...')
#2 [internal function]: CodeIgniter\Autoloader\Autoloader->loadClass('App\\Controllers...')
#3 [internal function]: spl_autoload_call('App\\Controllers...')
#4 C:\xampp\htdocs\project\login\vendor\codeigniter4\framework\system\CodeIgniter.php(869): class_exists('\\App\\Controller...', true)
#5 C:\xampp\htdocs\project\login\vendor\codeigniter4\framework\system\CodeIgniter.php(394): CodeIgniter\CodeIgniter->startController()
#6 C:\xampp\htdocs\project\login\vendor\codeigniter4\framework\system\CodeIgniter.php(312): CodeIgniter\CodeIgniter->handleRequest(NULL, Object(Config\Cache), false)
#7 C:\xampp\htdocs\project\login\public\index.php(45): CodeIgniter\CodeIgniter->run()
#8 {main}
CRITICAL - 2020-07-21 06:01:15 --> syntax error, unexpected '}', expecting end of file
#0 C:\xampp\htdocs\project\login\vendor\codeigniter4\framework\system\Autoloader\Autoloader.php(296): CodeIgniter\Autoloader\Autoloader->requireFile('C:\\xampp\\htdocs...')
#1 C:\xampp\htdocs\project\login\vendor\codeigniter4\framework\system\Autoloader\Autoloader.php(258): CodeIgniter\Autoloader\Autoloader->loadInNamespace('App\\Controllers...')
#2 [internal function]: CodeIgniter\Autoloader\Autoloader->loadClass('App\\Controllers...')
#3 [internal function]: spl_autoload_call('App\\Controllers...')
#4 C:\xampp\htdocs\project\login\vendor\codeigniter4\framework\system\CodeIgniter.php(869): class_exists('\\App\\Controller...', true)
#5 C:\xampp\htdocs\project\login\vendor\codeigniter4\framework\system\CodeIgniter.php(394): CodeIgniter\CodeIgniter->startController()
#6 C:\xampp\htdocs\project\login\vendor\codeigniter4\framework\system\CodeIgniter.php(312): CodeIgniter\CodeIgniter->handleRequest(NULL, Object(Config\Cache), false)
#7 C:\xampp\htdocs\project\login\public\index.php(45): CodeIgniter\CodeIgniter->run()
#8 {main}
CRITICAL - 2020-07-21 06:06:18 --> syntax error, unexpected '}', expecting end of file
#0 C:\xampp\htdocs\project\login\vendor\codeigniter4\framework\system\Autoloader\Autoloader.php(296): CodeIgniter\Autoloader\Autoloader->requireFile('C:\\xampp\\htdocs...')
#1 C:\xampp\htdocs\project\login\vendor\codeigniter4\framework\system\Autoloader\Autoloader.php(258): CodeIgniter\Autoloader\Autoloader->loadInNamespace('App\\Controllers...')
#2 [internal function]: CodeIgniter\Autoloader\Autoloader->loadClass('App\\Controllers...')
#3 [internal function]: spl_autoload_call('App\\Controllers...')
#4 C:\xampp\htdocs\project\login\vendor\codeigniter4\framework\system\CodeIgniter.php(869): class_exists('\\App\\Controller...', true)
#5 C:\xampp\htdocs\project\login\vendor\codeigniter4\framework\system\CodeIgniter.php(394): CodeIgniter\CodeIgniter->startController()
#6 C:\xampp\htdocs\project\login\vendor\codeigniter4\framework\system\CodeIgniter.php(312): CodeIgniter\CodeIgniter->handleRequest(NULL, Object(Config\Cache), false)
#7 C:\xampp\htdocs\project\login\public\index.php(45): CodeIgniter\CodeIgniter->run()
#8 {main}
CRITICAL - 2020-07-21 06:11:11 --> syntax error, unexpected '}', expecting end of file
#0 C:\xampp\htdocs\project\login\vendor\codeigniter4\framework\system\Autoloader\Autoloader.php(296): CodeIgniter\Autoloader\Autoloader->requireFile('C:\\xampp\\htdocs...')
#1 C:\xampp\htdocs\project\login\vendor\codeigniter4\framework\system\Autoloader\Autoloader.php(258): CodeIgniter\Autoloader\Autoloader->loadInNamespace('App\\Controllers...')
#2 [internal function]: CodeIgniter\Autoloader\Autoloader->loadClass('App\\Controllers...')
#3 [internal function]: spl_autoload_call('App\\Controllers...')
#4 C:\xampp\htdocs\project\login\vendor\codeigniter4\framework\system\CodeIgniter.php(869): class_exists('\\App\\Controller...', true)
#5 C:\xampp\htdocs\project\login\vendor\codeigniter4\framework\system\CodeIgniter.php(394): CodeIgniter\CodeIgniter->startController()
#6 C:\xampp\htdocs\project\login\vendor\codeigniter4\framework\system\CodeIgniter.php(312): CodeIgniter\CodeIgniter->handleRequest(NULL, Object(Config\Cache), false)
#7 C:\xampp\htdocs\project\login\public\index.php(45): CodeIgniter\CodeIgniter->run()
#8 {main}
CRITICAL - 2020-07-21 07:01:24 --> Cannot redeclare App\Models\UserModel::beforeInsert()
#0 [internal function]: CodeIgniter\Debug\Exceptions->shutdownHandler()
#1 {main}
CRITICAL - 2020-07-21 07:03:50 --> Cannot redeclare App\Models\UserModel::beforeInsert()
#0 [internal function]: CodeIgniter\Debug\Exceptions->shutdownHandler()
#1 {main}
CRITICAL - 2020-07-21 12:04:05 --> Cannot redeclare App\Models\UserModel::beforeInsert()
#0 [internal function]: CodeIgniter\Debug\Exceptions->shutdownHandler()
#1 {main}
CRITICAL - 2020-07-21 12:11:03 --> syntax error, unexpected '}', expecting end of file
#0 C:\xampp\htdocs\project\login\vendor\codeigniter4\framework\system\Autoloader\Autoloader.php(296): CodeIgniter\Autoloader\Autoloader->requireFile('C:\\xampp\\htdocs...')
#1 C:\xampp\htdocs\project\login\vendor\codeigniter4\framework\system\Autoloader\Autoloader.php(258): CodeIgniter\Autoloader\Autoloader->loadInNamespace('App\\Models\\User...')
#2 [internal function]: CodeIgniter\Autoloader\Autoloader->loadClass('App\\Models\\User...')
#3 C:\xampp\htdocs\project\login\app\Controllers\Users.php(35): spl_autoload_call('App\\Models\\User...')
#4 C:\xampp\htdocs\project\login\vendor\codeigniter4\framework\system\CodeIgniter.php(918): App\Controllers\Users->register()
#5 C:\xampp\htdocs\project\login\vendor\codeigniter4\framework\system\CodeIgniter.php(404): CodeIgniter\CodeIgniter->runController(Object(App\Controllers\Users))
#6 C:\xampp\htdocs\project\login\vendor\codeigniter4\framework\system\CodeIgniter.php(312): CodeIgniter\CodeIgniter->handleRequest(NULL, Object(Config\Cache), false)
#7 C:\xampp\htdocs\project\login\public\index.php(45): CodeIgniter\CodeIgniter->run()
#8 {main}
CRITICAL - 2020-07-21 12:15:01 --> syntax error, unexpected '}', expecting end of file
#0 C:\xampp\htdocs\project\login\vendor\codeigniter4\framework\system\Autoloader\Autoloader.php(296): CodeIgniter\Autoloader\Autoloader->requireFile('C:\\xampp\\htdocs...')
#1 C:\xampp\htdocs\project\login\vendor\codeigniter4\framework\system\Autoloader\Autoloader.php(258): CodeIgniter\Autoloader\Autoloader->loadInNamespace('App\\Models\\User...')
#2 [internal function]: CodeIgniter\Autoloader\Autoloader->loadClass('App\\Models\\User...')
#3 C:\xampp\htdocs\project\login\app\Controllers\Users.php(35): spl_autoload_call('App\\Models\\User...')
#4 C:\xampp\htdocs\project\login\vendor\codeigniter4\framework\system\CodeIgniter.php(918): App\Controllers\Users->register()
#5 C:\xampp\htdocs\project\login\vendor\codeigniter4\framework\system\CodeIgniter.php(404): CodeIgniter\CodeIgniter->runController(Object(App\Controllers\Users))
#6 C:\xampp\htdocs\project\login\vendor\codeigniter4\framework\system\CodeIgniter.php(312): CodeIgniter\CodeIgniter->handleRequest(NULL, Object(Config\Cache), false)
#7 C:\xampp\htdocs\project\login\public\index.php(45): CodeIgniter\CodeIgniter->run()
#8 {main}
CRITICAL - 2020-07-21 12:16:38 --> password_hash() expects at least 2 parameters, 1 given
#0 [internal function]: CodeIgniter\Debug\Exceptions->errorHandler(2, 'password_hash()...', 'C:\\xampp\\htdocs...', 28, Array)
#1 C:\xampp\htdocs\project\login\app\Models\UserModel.php(28): password_hash('sexking121')
#2 C:\xampp\htdocs\project\login\app\Models\UserModel.php(16): App\Models\UserModel->passwordHash(Array)
#3 C:\xampp\htdocs\project\login\vendor\codeigniter4\framework\system\Model.php(1735): App\Models\UserModel->beforeInsert(Array)
#4 C:\xampp\htdocs\project\login\vendor\codeigniter4\framework\system\Model.php(750): CodeIgniter\Model->trigger('beforeInsert', Array)
#5 C:\xampp\htdocs\project\login\vendor\codeigniter4\framework\system\Model.php(574): CodeIgniter\Model->insert(Array, false)
#6 C:\xampp\htdocs\project\login\app\Controllers\Users.php(43): CodeIgniter\Model->save(Array)
#7 C:\xampp\htdocs\project\login\vendor\codeigniter4\framework\system\CodeIgniter.php(918): App\Controllers\Users->register()
#8 C:\xampp\htdocs\project\login\vendor\codeigniter4\framework\system\CodeIgniter.php(404): CodeIgniter\CodeIgniter->runController(Object(App\Controllers\Users))
#9 C:\xampp\htdocs\project\login\vendor\codeigniter4\framework\system\CodeIgniter.php(312): CodeIgniter\CodeIgniter->handleRequest(NULL, Object(Config\Cache), false)
#10 C:\xampp\htdocs\project\login\public\index.php(45): CodeIgniter\CodeIgniter->run()
#11 {main}
CRITICAL - 2020-07-21 13:55:10 --> syntax error, unexpected end of file
#0 C:\xampp\htdocs\project\login\vendor\codeigniter4\framework\system\Common.php(1119): CodeIgniter\View\View->render('templates/heade...', Array, true)
#1 C:\xampp\htdocs\project\login\app\Controllers\Dashboard.php(11): view('templates/heade...', Array)
#2 C:\xampp\htdocs\project\login\vendor\codeigniter4\framework\system\CodeIgniter.php(918): App\Controllers\Dashboard->index()
#3 C:\xampp\htdocs\project\login\vendor\codeigniter4\framework\system\CodeIgniter.php(404): CodeIgniter\CodeIgniter->runController(Object(App\Controllers\Dashboard))
#4 C:\xampp\htdocs\project\login\vendor\codeigniter4\framework\system\CodeIgniter.php(312): CodeIgniter\CodeIgniter->handleRequest(NULL, Object(Config\Cache), false)
#5 C:\xampp\htdocs\project\login\public\index.php(45): CodeIgniter\CodeIgniter->run()
#6 {main}
CRITICAL - 2020-07-21 13:56:57 --> syntax error, unexpected end of file
#0 C:\xampp\htdocs\project\login\vendor\codeigniter4\framework\system\Common.php(1119): CodeIgniter\View\View->render('templates/heade...', Array, true)
#1 C:\xampp\htdocs\project\login\app\Controllers\Dashboard.php(11): view('templates/heade...', Array)
#2 C:\xampp\htdocs\project\login\vendor\codeigniter4\framework\system\CodeIgniter.php(918): App\Controllers\Dashboard->index()
#3 C:\xampp\htdocs\project\login\vendor\codeigniter4\framework\system\CodeIgniter.php(404): CodeIgniter\CodeIgniter->runController(Object(App\Controllers\Dashboard))
#4 C:\xampp\htdocs\project\login\vendor\codeigniter4\framework\system\CodeIgniter.php(312): CodeIgniter\CodeIgniter->handleRequest(NULL, Object(Config\Cache), false)
#5 C:\xampp\htdocs\project\login\public\index.php(45): CodeIgniter\CodeIgniter->run()
#6 {main}
CRITICAL - 2020-07-21 13:56:58 --> syntax error, unexpected end of file
#0 C:\xampp\htdocs\project\login\vendor\codeigniter4\framework\system\Common.php(1119): CodeIgniter\View\View->render('templates/heade...', Array, true)
#1 C:\xampp\htdocs\project\login\app\Controllers\Dashboard.php(11): view('templates/heade...', Array)
#2 C:\xampp\htdocs\project\login\vendor\codeigniter4\framework\system\CodeIgniter.php(918): App\Controllers\Dashboard->index()
#3 C:\xampp\htdocs\project\login\vendor\codeigniter4\framework\system\CodeIgniter.php(404): CodeIgniter\CodeIgniter->runController(Object(App\Controllers\Dashboard))
#4 C:\xampp\htdocs\project\login\vendor\codeigniter4\framework\system\CodeIgniter.php(312): CodeIgniter\CodeIgniter->handleRequest(NULL, Object(Config\Cache), false)
#5 C:\xampp\htdocs\project\login\public\index.php(45): CodeIgniter\CodeIgniter->run()
#6 {main}
CRITICAL - 2020-07-21 13:57:01 --> syntax error, unexpected end of file
#0 C:\xampp\htdocs\project\login\vendor\codeigniter4\framework\system\Common.php(1119): CodeIgniter\View\View->render('templates/heade...', Array, true)
#1 C:\xampp\htdocs\project\login\app\Controllers\Users.php(46): view('templates/heade...', Array)
#2 C:\xampp\htdocs\project\login\vendor\codeigniter4\framework\system\CodeIgniter.php(918): App\Controllers\Users->index()
#3 C:\xampp\htdocs\project\login\vendor\codeigniter4\framework\system\CodeIgniter.php(404): CodeIgniter\CodeIgniter->runController(Object(App\Controllers\Users))
#4 C:\xampp\htdocs\project\login\vendor\codeigniter4\framework\system\CodeIgniter.php(312): CodeIgniter\CodeIgniter->handleRequest(NULL, Object(Config\Cache), false)
#5 C:\xampp\htdocs\project\login\public\index.php(45): CodeIgniter\CodeIgniter->run()
#6 {main}
CRITICAL - 2020-07-21 13:57:02 --> syntax error, unexpected end of file
#0 C:\xampp\htdocs\project\login\vendor\codeigniter4\framework\system\Common.php(1119): CodeIgniter\View\View->render('templates/heade...', Array, true)
#1 C:\xampp\htdocs\project\login\app\Controllers\Users.php(46): view('templates/heade...', Array)
#2 C:\xampp\htdocs\project\login\vendor\codeigniter4\framework\system\CodeIgniter.php(918): App\Controllers\Users->index()
#3 C:\xampp\htdocs\project\login\vendor\codeigniter4\framework\system\CodeIgniter.php(404): CodeIgniter\CodeIgniter->runController(Object(App\Controllers\Users))
#4 C:\xampp\htdocs\project\login\vendor\codeigniter4\framework\system\CodeIgniter.php(312): CodeIgniter\CodeIgniter->handleRequest(NULL, Object(Config\Cache), false)
#5 C:\xampp\htdocs\project\login\public\index.php(45): CodeIgniter\CodeIgniter->run()
#6 {main}
CRITICAL - 2020-07-21 13:57:08 --> syntax error, unexpected end of file
#0 C:\xampp\htdocs\project\login\vendor\codeigniter4\framework\system\Common.php(1119): CodeIgniter\View\View->render('templates/heade...', Array, true)
#1 C:\xampp\htdocs\project\login\app\Controllers\Users.php(46): view('templates/heade...', Array)
#2 C:\xampp\htdocs\project\login\vendor\codeigniter4\framework\system\CodeIgniter.php(918): App\Controllers\Users->index()
#3 C:\xampp\htdocs\project\login\vendor\codeigniter4\framework\system\CodeIgniter.php(404): CodeIgniter\CodeIgniter->runController(Object(App\Controllers\Users))
#4 C:\xampp\htdocs\project\login\vendor\codeigniter4\framework\system\CodeIgniter.php(312): CodeIgniter\CodeIgniter->handleRequest(NULL, Object(Config\Cache), false)
#5 C:\xampp\htdocs\project\login\public\index.php(45): CodeIgniter\CodeIgniter->run()
#6 {main}
CRITICAL - 2020-07-21 14:01:30 --> syntax error, unexpected end of file
#0 C:\xampp\htdocs\project\login\vendor\codeigniter4\framework\system\Common.php(1119): CodeIgniter\View\View->render('templates/heade...', Array, true)
#1 C:\xampp\htdocs\project\login\app\Controllers\Users.php(46): view('templates/heade...', Array)
#2 C:\xampp\htdocs\project\login\vendor\codeigniter4\framework\system\CodeIgniter.php(918): App\Controllers\Users->index()
#3 C:\xampp\htdocs\project\login\vendor\codeigniter4\framework\system\CodeIgniter.php(404): CodeIgniter\CodeIgniter->runController(Object(App\Controllers\Users))
#4 C:\xampp\htdocs\project\login\vendor\codeigniter4\framework\system\CodeIgniter.php(312): CodeIgniter\CodeIgniter->handleRequest(NULL, Object(Config\Cache), false)
#5 C:\xampp\htdocs\project\login\public\index.php(45): CodeIgniter\CodeIgniter->run()
#6 {main}
CRITICAL - 2020-07-21 14:01:31 --> syntax error, unexpected end of file
#0 C:\xampp\htdocs\project\login\vendor\codeigniter4\framework\system\Common.php(1119): CodeIgniter\View\View->render('templates/heade...', Array, true)
#1 C:\xampp\htdocs\project\login\app\Controllers\Users.php(46): view('templates/heade...', Array)
#2 C:\xampp\htdocs\project\login\vendor\codeigniter4\framework\system\CodeIgniter.php(918): App\Controllers\Users->index()
#3 C:\xampp\htdocs\project\login\vendor\codeigniter4\framework\system\CodeIgniter.php(404): CodeIgniter\CodeIgniter->runController(Object(App\Controllers\Users))
#4 C:\xampp\htdocs\project\login\vendor\codeigniter4\framework\system\CodeIgniter.php(312): CodeIgniter\CodeIgniter->handleRequest(NULL, Object(Config\Cache), false)
#5 C:\xampp\htdocs\project\login\public\index.php(45): CodeIgniter\CodeIgniter->run()
#6 {main}
CRITICAL - 2020-07-21 14:12:16 --> syntax error, unexpected end of file
#0 C:\xampp\htdocs\project\login\vendor\codeigniter4\framework\system\Common.php(1119): CodeIgniter\View\View->render('templates/heade...', Array, true)
#1 C:\xampp\htdocs\project\login\app\Controllers\Dashboard.php(11): view('templates/heade...', Array)
#2 C:\xampp\htdocs\project\login\vendor\codeigniter4\framework\system\CodeIgniter.php(918): App\Controllers\Dashboard->index()
#3 C:\xampp\htdocs\project\login\vendor\codeigniter4\framework\system\CodeIgniter.php(404): CodeIgniter\CodeIgniter->runController(Object(App\Controllers\Dashboard))
#4 C:\xampp\htdocs\project\login\vendor\codeigniter4\framework\system\CodeIgniter.php(312): CodeIgniter\CodeIgniter->handleRequest(NULL, Object(Config\Cache), false)
#5 C:\xampp\htdocs\project\login\public\index.php(45): CodeIgniter\CodeIgniter->run()
#6 {main}
CRITICAL - 2020-07-21 14:14:50 --> syntax error, unexpected end of file
#0 C:\xampp\htdocs\project\login\vendor\codeigniter4\framework\system\Common.php(1119): CodeIgniter\View\View->render('templates/heade...', Array, true)
#1 C:\xampp\htdocs\project\login\app\Controllers\Users.php(46): view('templates/heade...', Array)
#2 C:\xampp\htdocs\project\login\vendor\codeigniter4\framework\system\CodeIgniter.php(918): App\Controllers\Users->index()
#3 C:\xampp\htdocs\project\login\vendor\codeigniter4\framework\system\CodeIgniter.php(404): CodeIgniter\CodeIgniter->runController(Object(App\Controllers\Users))
#4 C:\xampp\htdocs\project\login\vendor\codeigniter4\framework\system\CodeIgniter.php(312): CodeIgniter\CodeIgniter->handleRequest(NULL, Object(Config\Cache), false)
#5 C:\xampp\htdocs\project\login\public\index.php(45): CodeIgniter\CodeIgniter->run()
#6 {main}
CRITICAL - 2020-07-21 14:16:31 --> syntax error, unexpected end of file
#0 C:\xampp\htdocs\project\login\vendor\codeigniter4\framework\system\Common.php(1119): CodeIgniter\View\View->render('templates/heade...', Array, true)
#1 C:\xampp\htdocs\project\login\app\Controllers\Dashboard.php(11): view('templates/heade...', Array)
#2 C:\xampp\htdocs\project\login\vendor\codeigniter4\framework\system\CodeIgniter.php(918): App\Controllers\Dashboard->index()
#3 C:\xampp\htdocs\project\login\vendor\codeigniter4\framework\system\CodeIgniter.php(404): CodeIgniter\CodeIgniter->runController(Object(App\Controllers\Dashboard))
#4 C:\xampp\htdocs\project\login\vendor\codeigniter4\framework\system\CodeIgniter.php(312): CodeIgniter\CodeIgniter->handleRequest(NULL, Object(Config\Cache), false)
#5 C:\xampp\htdocs\project\login\public\index.php(45): CodeIgniter\CodeIgniter->run()
#6 {main}
CRITICAL - 2020-07-21 14:17:38 --> syntax error, unexpected end of file
#0 C:\xampp\htdocs\project\login\vendor\codeigniter4\framework\system\Common.php(1119): CodeIgniter\View\View->render('templates/heade...', Array, true)
#1 C:\xampp\htdocs\project\login\app\Controllers\Dashboard.php(11): view('templates/heade...', Array)
#2 C:\xampp\htdocs\project\login\vendor\codeigniter4\framework\system\CodeIgniter.php(918): App\Controllers\Dashboard->index()
#3 C:\xampp\htdocs\project\login\vendor\codeigniter4\framework\system\CodeIgniter.php(404): CodeIgniter\CodeIgniter->runController(Object(App\Controllers\Dashboard))
#4 C:\xampp\htdocs\project\login\vendor\codeigniter4\framework\system\CodeIgniter.php(312): CodeIgniter\CodeIgniter->handleRequest(NULL, Object(Config\Cache), false)
#5 C:\xampp\htdocs\project\login\public\index.php(45): CodeIgniter\CodeIgniter->run()
#6 {main}
CRITICAL - 2020-07-21 14:22:26 --> syntax error, unexpected end of file
#0 C:\xampp\htdocs\project\login\vendor\codeigniter4\framework\system\Common.php(1119): CodeIgniter\View\View->render('templates/heade...', Array, true)
#1 C:\xampp\htdocs\project\login\app\Controllers\Dashboard.php(11): view('templates/heade...', Array)
#2 C:\xampp\htdocs\project\login\vendor\codeigniter4\framework\system\CodeIgniter.php(918): App\Controllers\Dashboard->index()
#3 C:\xampp\htdocs\project\login\vendor\codeigniter4\framework\system\CodeIgniter.php(404): CodeIgniter\CodeIgniter->runController(Object(App\Controllers\Dashboard))
#4 C:\xampp\htdocs\project\login\vendor\codeigniter4\framework\system\CodeIgniter.php(312): CodeIgniter\CodeIgniter->handleRequest(NULL, Object(Config\Cache), false)
#5 C:\xampp\htdocs\project\login\public\index.php(45): CodeIgniter\CodeIgniter->run()
#6 {main}
CRITICAL - 2020-07-21 14:22:40 --> syntax error, unexpected '<', expecting end of file
#0 C:\xampp\htdocs\project\login\vendor\codeigniter4\framework\system\Common.php(1119): CodeIgniter\View\View->render('templates/heade...', Array, true)
#1 C:\xampp\htdocs\project\login\app\Controllers\Dashboard.php(11): view('templates/heade...', Array)
#2 C:\xampp\htdocs\project\login\vendor\codeigniter4\framework\system\CodeIgniter.php(918): App\Controllers\Dashboard->index()
#3 C:\xampp\htdocs\project\login\vendor\codeigniter4\framework\system\CodeIgniter.php(404): CodeIgniter\CodeIgniter->runController(Object(App\Controllers\Dashboard))
#4 C:\xampp\htdocs\project\login\vendor\codeigniter4\framework\system\CodeIgniter.php(312): CodeIgniter\CodeIgniter->handleRequest(NULL, Object(Config\Cache), false)
#5 C:\xampp\htdocs\project\login\public\index.php(45): CodeIgniter\CodeIgniter->run()
#6 {main}
CRITICAL - 2020-07-21 14:22:57 --> syntax error, unexpected end of file
#0 C:\xampp\htdocs\project\login\vendor\codeigniter4\framework\system\Common.php(1119): CodeIgniter\View\View->render('templates/heade...', Array, true)
#1 C:\xampp\htdocs\project\login\app\Controllers\Dashboard.php(11): view('templates/heade...', Array)
#2 C:\xampp\htdocs\project\login\vendor\codeigniter4\framework\system\CodeIgniter.php(918): App\Controllers\Dashboard->index()
#3 C:\xampp\htdocs\project\login\vendor\codeigniter4\framework\system\CodeIgniter.php(404): CodeIgniter\CodeIgniter->runController(Object(App\Controllers\Dashboard))
#4 C:\xampp\htdocs\project\login\vendor\codeigniter4\framework\system\CodeIgniter.php(312): CodeIgniter\CodeIgniter->handleRequest(NULL, Object(Config\Cache), false)
#5 C:\xampp\htdocs\project\login\public\index.php(45): CodeIgniter\CodeIgniter->run()
#6 {main}
CRITICAL - 2020-07-21 14:29:06 --> syntax error, unexpected end of file
#0 C:\xampp\htdocs\project\login\vendor\codeigniter4\framework\system\Common.php(1119): CodeIgniter\View\View->render('templates/heade...', Array, true)
#1 C:\xampp\htdocs\project\login\app\Controllers\Dashboard.php(11): view('templates/heade...', Array)
#2 C:\xampp\htdocs\project\login\vendor\codeigniter4\framework\system\CodeIgniter.php(918): App\Controllers\Dashboard->index()
#3 C:\xampp\htdocs\project\login\vendor\codeigniter4\framework\system\CodeIgniter.php(404): CodeIgniter\CodeIgniter->runController(Object(App\Controllers\Dashboard))
#4 C:\xampp\htdocs\project\login\vendor\codeigniter4\framework\system\CodeIgniter.php(312): CodeIgniter\CodeIgniter->handleRequest(NULL, Object(Config\Cache), false)
#5 C:\xampp\htdocs\project\login\public\index.php(45): CodeIgniter\CodeIgniter->run()
#6 {main}
CRITICAL - 2020-07-21 14:53:01 --> syntax error, unexpected ';', expecting ']'
#0 C:\xampp\htdocs\project\login\vendor\codeigniter4\framework\system\Autoloader\Autoloader.php(296): CodeIgniter\Autoloader\Autoloader->requireFile('C:\\xampp\\htdocs...')
#1 C:\xampp\htdocs\project\login\vendor\codeigniter4\framework\system\Autoloader\Autoloader.php(258): CodeIgniter\Autoloader\Autoloader->loadInNamespace('App\\Controllers...')
#2 [internal function]: CodeIgniter\Autoloader\Autoloader->loadClass('App\\Controllers...')
#3 [internal function]: spl_autoload_call('App\\Controllers...')
#4 C:\xampp\htdocs\project\login\vendor\codeigniter4\framework\system\CodeIgniter.php(869): class_exists('\\App\\Controller...', true)
#5 C:\xampp\htdocs\project\login\vendor\codeigniter4\framework\system\CodeIgniter.php(394): CodeIgniter\CodeIgniter->startController()
#6 C:\xampp\htdocs\project\login\vendor\codeigniter4\framework\system\CodeIgniter.php(312): CodeIgniter\CodeIgniter->handleRequest(NULL, Object(Config\Cache), false)
#7 C:\xampp\htdocs\project\login\public\index.php(45): CodeIgniter\CodeIgniter->run()
#8 {main}
CRITICAL - 2020-07-21 14:54:09 --> syntax error, unexpected ';', expecting ']'
#0 C:\xampp\htdocs\project\login\vendor\codeigniter4\framework\system\Autoloader\Autoloader.php(296): CodeIgniter\Autoloader\Autoloader->requireFile('C:\\xampp\\htdocs...')
#1 C:\xampp\htdocs\project\login\vendor\codeigniter4\framework\system\Autoloader\Autoloader.php(258): CodeIgniter\Autoloader\Autoloader->loadInNamespace('App\\Controllers...')
#2 [internal function]: CodeIgniter\Autoloader\Autoloader->loadClass('App\\Controllers...')
#3 [internal function]: spl_autoload_call('App\\Controllers...')
#4 C:\xampp\htdocs\project\login\vendor\codeigniter4\framework\system\CodeIgniter.php(869): class_exists('\\App\\Controller...', true)
#5 C:\xampp\htdocs\project\login\vendor\codeigniter4\framework\system\CodeIgniter.php(394): CodeIgniter\CodeIgniter->startController()
#6 C:\xampp\htdocs\project\login\vendor\codeigniter4\framework\system\CodeIgniter.php(312): CodeIgniter\CodeIgniter->handleRequest(NULL, Object(Config\Cache), false)
#7 C:\xampp\htdocs\project\login\public\index.php(45): CodeIgniter\CodeIgniter->run()
#8 {main}
